<?xml version="1.0" encoding="UTF-8"?>
<testsuite xmlns:xsi="http://www.w3.org/2001/XMLSchema-instance" xsi:noNamespaceSchemaLocation="https://maven.apache.org/surefire/maven-surefire-plugin/xsd/surefire-test-report-3.0.xsd" version="3.0" name="TanCalculatorTest$GuiTests" time="0.074" tests="3" errors="0" skipped="0" failures="0">
  <properties>
[...]
</properties>
  <testcase name="testButtonFunctionality" classname="TanCalculatorTest$GuiTests" time="0.023"/>
  <testcase name="testGuiComponentsExist" classname="TanCalculatorTest$GuiTests" time="0.034"/>
  <testcase name="testAccessibility" classname="TanCalculatorTest$GuiTests" time="0.011"/>
</testsuite>